# JRE version: Java(TM) SE Runtime Environment (21.0.8+12) (build 21.0.8+12-LTS-250)
# Java VM: Java HotSpot(TM) 64-Bit Server VM (21.0.8+12-LTS-250, mixed mode, sharing, tiered, compressed oops, compressed class ptrs, g1 gc, windows-amd64)
GC Precious Log:
 CardTable entry size: 512
 Card Set container configuration: InlinePtr #cards 5 size 8 Array Of Cards #cards 12 size 40 Howl #buckets 4 coarsen threshold 1843 Howl Bitmap #cards 512 size 80 coarsen threshold 460 Card regions per heap region 1 cards per card region 2048
 CPUs: 8 total, 8 available
 Memory: 7859M
 Large Page Support: Disabled
 NUMA Support: Disabled
 Compressed Oops: Enabled (32-bit)
 Heap Region Size: 1M
 Heap Min Capacity: 256M
 Heap Initial Capacity: 256M
 Heap Max Capacity: 512M
 Pre-touch: Disabled
 Parallel Workers: 8
 Concurrent Workers: 2
 Concurrent Refinement Workers: 8
 Periodic GC: Disabled
Heap:
 garbage-first heap   total 262144K, used 129024K [0x00000000e0000000, 0x0000000100000000)
  region size 1024K, 51 young (52224K), 11 survivors (11264K)
 Metaspace       used 77846K, committed 80000K, reserved 458752K
  class space    used 10529K, committed 11584K, reserved 327680K
GC Heap History (20 events):
Event: 10.878 GC heap before
{Heap before GC invocations=5 (full 0):
 garbage-first heap   total 262144K, used 128487K [0x00000000e0000000, 0x0000000100000000)
  region size 1024K, 116 young (118784K), 13 survivors (13312K)
 Metaspace       used 34676K, committed 35968K, reserved 393216K
  class space    used 5025K, committed 5696K, reserved 327680K
}
Event: 10.906 GC heap after
{Heap after GC invocations=6 (full 0):
 garbage-first heap   total 262144K, used 32520K [0x00000000e0000000, 0x0000000100000000)
  region size 1024K, 18 young (18432K), 18 survivors (18432K)
 Metaspace       used 34676K, committed 35968K, reserved 393216K
  class space    used 5025K, committed 5696K, reserved 327680K
}
Event: 11.060 GC heap before
{Heap before GC invocations=6 (full 0):
 garbage-first heap   total 262144K, used 33544K [0x00000000e0000000, 0x0000000100000000)
  region size 1024K, 21 young (21504K), 18 survivors (18432K)
 Metaspace       used 34943K, committed 36288K, reserved 393216K
  class space    used 5050K, committed 5760K, reserved 327680K
}
Event: 11.082 GC heap after
{Heap after GC invocations=7 (full 0):
 garbage-first heap   total 262144K, used 33428K [0x00000000e0000000, 0x0000000100000000)
  region size 1024K, 9 young (9216K), 9 survivors (9216K)
 Metaspace       used 34943K, committed 36288K, reserved 393216K
  class space    used 5050K, committed 5760K, reserved 327680K
}
Event: 11.350 GC heap before
{Heap before GC invocations=7 (full 0):
 garbage-first heap   total 262144K, used 53908K [0x00000000e0000000, 0x0000000100000000)
  region size 1024K, 30 young (30720K), 9 survivors (9216K)
 Metaspace       used 35317K, committed 36608K, reserved 393216K
  class space    used 5086K, committed 5760K, reserved 327680K
}
Event: 11.361 GC heap after
{Heap after GC invocations=8 (full 0):
 garbage-first heap   total 262144K, used 33901K [0x00000000e0000000, 0x0000000100000000)
  region size 1024K, 10 young (10240K), 10 survivors (10240K)
 Metaspace       used 35317K, committed 36608K, reserved 393216K
  class space    used 5086K, committed 5760K, reserved 327680K
}
Event: 16.191 GC heap before
{Heap before GC invocations=9 (full 0):
 garbage-first heap   total 262144K, used 184429K [0x00000000e0000000, 0x0000000100000000)
  region size 1024K, 153 young (156672K), 10 survivors (10240K)
 Metaspace       used 46675K, committed 48064K, reserved 393216K
  class space    used 6461K, committed 7168K, reserved 327680K
}
Event: 16.212 GC heap after
{Heap after GC invocations=10 (full 0):
 garbage-first heap   total 262144K, used 44067K [0x00000000e0000000, 0x0000000100000000)
  region size 1024K, 20 young (20480K), 20 survivors (20480K)
 Metaspace       used 46675K, committed 48064K, reserved 393216K
  class space    used 6461K, committed 7168K, reserved 327680K
}
Event: 19.336 GC heap before
{Heap before GC invocations=10 (full 0):
 garbage-first heap   total 262144K, used 180259K [0x00000000e0000000, 0x0000000100000000)
  region size 1024K, 153 young (156672K), 20 survivors (20480K)
 Metaspace       used 47375K, committed 48768K, reserved 393216K
  class space    used 6504K, committed 7232K, reserved 327680K
}
Event: 19.360 GC heap after
{Heap after GC invocations=11 (full 0):
 garbage-first heap   total 262144K, used 50093K [0x00000000e0000000, 0x0000000100000000)
  region size 1024K, 18 young (18432K), 18 survivors (18432K)
 Metaspace       used 47375K, committed 48768K, reserved 393216K
  class space    used 6504K, committed 7232K, reserved 327680K
}
Event: 39.039 GC heap before
{Heap before GC invocations=11 (full 0):
 garbage-first heap   total 262144K, used 189357K [0x00000000e0000000, 0x0000000100000000)
  region size 1024K, 153 young (156672K), 18 survivors (18432K)
 Metaspace       used 52229K, committed 53824K, reserved 393216K
  class space    used 7171K, committed 8000K, reserved 327680K
}
Event: 39.116 GC heap after
{Heap after GC invocations=12 (full 0):
 garbage-first heap   total 262144K, used 60017K [0x00000000e0000000, 0x0000000100000000)
  region size 1024K, 16 young (16384K), 16 survivors (16384K)
 Metaspace       used 52229K, committed 53824K, reserved 393216K
  class space    used 7171K, committed 8000K, reserved 327680K
}
Event: 43.524 GC heap before
{Heap before GC invocations=12 (full 0):
 garbage-first heap   total 262144K, used 131697K [0x00000000e0000000, 0x0000000100000000)
  region size 1024K, 86 young (88064K), 16 survivors (16384K)
 Metaspace       used 59537K, committed 61248K, reserved 393216K
  class space    used 8273K, committed 9152K, reserved 327680K
}
Event: 43.568 GC heap after
{Heap after GC invocations=13 (full 0):
 garbage-first heap   total 262144K, used 64719K [0x00000000e0000000, 0x0000000100000000)
  region size 1024K, 14 young (14336K), 14 survivors (14336K)
 Metaspace       used 59537K, committed 61248K, reserved 393216K
  class space    used 8273K, committed 9152K, reserved 327680K
}
Event: 52.743 GC heap before
{Heap before GC invocations=14 (full 0):
 garbage-first heap   total 262144K, used 207055K [0x00000000e0000000, 0x0000000100000000)
  region size 1024K, 153 young (156672K), 14 survivors (14336K)
 Metaspace       used 66367K, committed 68416K, reserved 393216K
  class space    used 9363K, committed 10432K, reserved 327680K
}
Event: 52.771 GC heap after
{Heap after GC invocations=15 (full 0):
 garbage-first heap   total 262144K, used 78833K [0x00000000e0000000, 0x0000000100000000)
  region size 1024K, 18 young (18432K), 18 survivors (18432K)
 Metaspace       used 66367K, committed 68416K, reserved 393216K
  class space    used 9363K, committed 10432K, reserved 327680K
}
Event: 73.162 GC heap before
{Heap before GC invocations=15 (full 0):
 garbage-first heap   total 262144K, used 216049K [0x00000000e0000000, 0x0000000100000000)
  region size 1024K, 153 young (156672K), 18 survivors (18432K)
 Metaspace       used 75902K, committed 78016K, reserved 458752K
  class space    used 10431K, committed 11456K, reserved 327680K
}
Event: 73.346 GC heap after
{Heap after GC invocations=16 (full 0):
 garbage-first heap   total 262144K, used 87040K [0x00000000e0000000, 0x0000000100000000)
  region size 1024K, 9 young (9216K), 9 survivors (9216K)
 Metaspace       used 75902K, committed 78016K, reserved 458752K
  class space    used 10431K, committed 11456K, reserved 327680K
}
Event: 101.690 GC heap before
{Heap before GC invocations=16 (full 0):
 garbage-first heap   total 262144K, used 233472K [0x00000000e0000000, 0x0000000100000000)
  region size 1024K, 152 young (155648K), 9 survivors (9216K)
 Metaspace       used 77559K, committed 79680K, reserved 458752K
  class space    used 10519K, committed 11584K, reserved 327680K
}
Event: 101.745 GC heap after
{Heap after GC invocations=17 (full 0):
 garbage-first heap   total 262144K, used 89088K [0x00000000e0000000, 0x0000000100000000)
  region size 1024K, 11 young (11264K), 11 survivors (11264K)
 Metaspace       used 77559K, committed 79680K, reserved 458752K
  class space    used 10519K, committed 11584K, reserved 327680K
}

