# JRE version: Java(TM) SE Runtime Environment (21.0.8+12) (build 21.0.8+12-LTS-250)
# Java VM: Java HotSpot(TM) 64-Bit Server VM (21.0.8+12-LTS-250, mixed mode, sharing, tiered, compressed oops, compressed class ptrs, g1 gc, windows-amd64)
GC Precious Log:
 CardTable entry size: 512
 Card Set container configuration: InlinePtr #cards 5 size 8 Array Of Cards #cards 12 size 40 Howl #buckets 4 coarsen threshold 1843 Howl Bitmap #cards 512 size 80 coarsen threshold 460 Card regions per heap region 1 cards per card region 2048
 CPUs: 8 total, 8 available
 Memory: 7859M
 Large Page Support: Disabled
 NUMA Support: Disabled
 Compressed Oops: Enabled (32-bit)
 Heap Region Size: 1M
 Heap Min Capacity: 256M
 Heap Initial Capacity: 256M
 Heap Max Capacity: 512M
 Pre-touch: Disabled
 Parallel Workers: 8
 Concurrent Workers: 2
 Concurrent Refinement Workers: 8
 Periodic GC: Disabled
Heap:
 garbage-first heap   total 262144K, used 165073K [0x00000000e0000000, 0x0000000100000000)
  region size 1024K, 101 young (103424K), 8 survivors (8192K)
 Metaspace       used 73853K, committed 76032K, reserved 393216K
  class space    used 10052K, committed 11136K, reserved 327680K
GC Heap History (20 events):
Event: 9.475 GC heap before
{Heap before GC invocations=2 (full 0):
 garbage-first heap   total 262144K, used 60752K [0x00000000e0000000, 0x0000000100000000)
  region size 1024K, 48 young (49152K), 3 survivors (3072K)
 Metaspace       used 6155K, committed 6400K, reserved 393216K
  class space    used 780K, committed 896K, reserved 327680K
}
Event: 9.483 GC heap after
{Heap after GC invocations=3 (full 0):
 garbage-first heap   total 262144K, used 19366K [0x00000000e0000000, 0x0000000100000000)
  region size 1024K, 6 young (6144K), 6 survivors (6144K)
 Metaspace       used 6155K, committed 6400K, reserved 393216K
  class space    used 780K, committed 896K, reserved 327680K
}
Event: 16.078 GC heap before
{Heap before GC invocations=3 (full 0):
 garbage-first heap   total 262144K, used 102310K [0x00000000e0000000, 0x0000000100000000)
  region size 1024K, 88 young (90112K), 6 survivors (6144K)
 Metaspace       used 20833K, committed 21504K, reserved 393216K
  class space    used 2954K, committed 3264K, reserved 327680K
}
Event: 16.093 GC heap after
{Heap after GC invocations=4 (full 0):
 garbage-first heap   total 262144K, used 25634K [0x00000000e0000000, 0x0000000100000000)
  region size 1024K, 13 young (13312K), 13 survivors (13312K)
 Metaspace       used 20833K, committed 21504K, reserved 393216K
  class space    used 2954K, committed 3264K, reserved 327680K
}
Event: 23.903 GC heap before
{Heap before GC invocations=5 (full 0):
 garbage-first heap   total 262144K, used 140322K [0x00000000e0000000, 0x0000000100000000)
  region size 1024K, 127 young (130048K), 13 survivors (13312K)
 Metaspace       used 34757K, committed 35968K, reserved 393216K
  class space    used 5087K, committed 5696K, reserved 327680K
}
Event: 23.928 GC heap after
{Heap after GC invocations=6 (full 0):
 garbage-first heap   total 262144K, used 33209K [0x00000000e0000000, 0x0000000100000000)
  region size 1024K, 18 young (18432K), 18 survivors (18432K)
 Metaspace       used 34757K, committed 35968K, reserved 393216K
  class space    used 5087K, committed 5696K, reserved 327680K
}
Event: 24.021 GC heap before
{Heap before GC invocations=6 (full 0):
 garbage-first heap   total 262144K, used 35257K [0x00000000e0000000, 0x0000000100000000)
  region size 1024K, 21 young (21504K), 18 survivors (18432K)
 Metaspace       used 35029K, committed 36288K, reserved 393216K
  class space    used 5131K, committed 5760K, reserved 327680K
}
Event: 24.035 GC heap after
{Heap after GC invocations=7 (full 0):
 garbage-first heap   total 262144K, used 32209K [0x00000000e0000000, 0x0000000100000000)
  region size 1024K, 8 young (8192K), 8 survivors (8192K)
 Metaspace       used 35029K, committed 36288K, reserved 393216K
  class space    used 5131K, committed 5760K, reserved 327680K
}
Event: 24.117 GC heap before
{Heap before GC invocations=7 (full 0):
 garbage-first heap   total 262144K, used 33233K [0x00000000e0000000, 0x0000000100000000)
  region size 1024K, 10 young (10240K), 8 survivors (8192K)
 Metaspace       used 35337K, committed 36608K, reserved 393216K
  class space    used 5152K, committed 5760K, reserved 327680K
}
Event: 24.123 GC heap after
{Heap after GC invocations=8 (full 0):
 garbage-first heap   total 262144K, used 31902K [0x00000000e0000000, 0x0000000100000000)
  region size 1024K, 7 young (7168K), 7 survivors (7168K)
 Metaspace       used 35337K, committed 36608K, reserved 393216K
  class space    used 5152K, committed 5760K, reserved 327680K
}
Event: 32.782 GC heap before
{Heap before GC invocations=9 (full 0):
 garbage-first heap   total 262144K, used 187550K [0x00000000e0000000, 0x0000000100000000)
  region size 1024K, 153 young (156672K), 7 survivors (7168K)
 Metaspace       used 50058K, committed 51584K, reserved 393216K
  class space    used 6935K, committed 7680K, reserved 327680K
}
Event: 32.815 GC heap after
{Heap after GC invocations=10 (full 0):
 garbage-first heap   total 262144K, used 44163K [0x00000000e0000000, 0x0000000100000000)
  region size 1024K, 19 young (19456K), 19 survivors (19456K)
 Metaspace       used 50058K, committed 51584K, reserved 393216K
  class space    used 6935K, committed 7680K, reserved 327680K
}
Event: 44.018 GC heap before
{Heap before GC invocations=10 (full 0):
 garbage-first heap   total 262144K, used 143491K [0x00000000e0000000, 0x0000000100000000)
  region size 1024K, 117 young (119808K), 19 survivors (19456K)
 Metaspace       used 59248K, committed 61120K, reserved 393216K
  class space    used 8420K, committed 9408K, reserved 327680K
}
Event: 44.060 GC heap after
{Heap after GC invocations=11 (full 0):
 garbage-first heap   total 262144K, used 49466K [0x00000000e0000000, 0x0000000100000000)
  region size 1024K, 7 young (7168K), 7 survivors (7168K)
 Metaspace       used 59248K, committed 61120K, reserved 393216K
  class space    used 8420K, committed 9408K, reserved 327680K
}
Event: 44.733 GC heap before
{Heap before GC invocations=11 (full 0):
 garbage-first heap   total 262144K, used 54586K [0x00000000e0000000, 0x0000000100000000)
  region size 1024K, 13 young (13312K), 7 survivors (7168K)
 Metaspace       used 59573K, committed 61440K, reserved 393216K
  class space    used 8475K, committed 9472K, reserved 327680K
}
Event: 44.744 GC heap after
{Heap after GC invocations=12 (full 0):
 garbage-first heap   total 262144K, used 49745K [0x00000000e0000000, 0x0000000100000000)
  region size 1024K, 7 young (7168K), 7 survivors (7168K)
 Metaspace       used 59573K, committed 61440K, reserved 393216K
  class space    used 8475K, committed 9472K, reserved 327680K
}
Event: 72.034 GC heap before
{Heap before GC invocations=13 (full 0):
 garbage-first heap   total 262144K, used 199249K [0x00000000e0000000, 0x0000000100000000)
  region size 1024K, 153 young (156672K), 7 survivors (7168K)
 Metaspace       used 65001K, committed 67072K, reserved 393216K
  class space    used 9157K, committed 10176K, reserved 327680K
}
Event: 72.146 GC heap after
{Heap after GC invocations=14 (full 0):
 garbage-first heap   total 262144K, used 63820K [0x00000000e0000000, 0x0000000100000000)
  region size 1024K, 20 young (20480K), 20 survivors (20480K)
 Metaspace       used 65001K, committed 67072K, reserved 393216K
  class space    used 9157K, committed 10176K, reserved 327680K
}
Event: 122.413 GC heap before
{Heap before GC invocations=14 (full 0):
 garbage-first heap   total 262144K, used 198988K [0x00000000e0000000, 0x0000000100000000)
  region size 1024K, 153 young (156672K), 20 survivors (20480K)
 Metaspace       used 73238K, committed 75392K, reserved 393216K
  class space    used 10035K, committed 11136K, reserved 327680K
}
Event: 122.717 GC heap after
{Heap after GC invocations=15 (full 0):
 garbage-first heap   total 262144K, used 70865K [0x00000000e0000000, 0x0000000100000000)
  region size 1024K, 8 young (8192K), 8 survivors (8192K)
 Metaspace       used 73238K, committed 75392K, reserved 393216K
  class space    used 10035K, committed 11136K, reserved 327680K
}

